<?xml version="1.0" encoding="UTF-8"?>
<robot generator="Robot 7.2 (Python 3.11.5 on win32)" generated="2025-02-12T18:40:09.860278" rpa="false" schemaversion="5">
<suite id="s1" name="LoginScenarios" source="D:\robot_framework_api_cicd\LoginScenarios.robot">
<test id="s1-t1" name="Cenário 01: Fazer login com sucesso" line="5">
<kw name="Dado que a URL está disponível está disponível" owner="LoginBDD">
<kw name="Carrega URL" owner="LoginSteps">
<kw name="Create Session" owner="RequestsLibrary">
<msg time="2025-02-12T18:40:10.847497" level="INFO">Creating Session using : alias=my_session, url=https://my-public-api-for-tests-production.up.railway.app, headers={},                     cookies={}, auth=None, timeout=None, proxies=None, verify=False,                     debug=0 </msg>
<arg>my_session</arg>
<arg>${BASE_URL}</arg>
<doc>Create Session: create a HTTP session to a server</doc>
<status status="PASS" start="2025-02-12T18:40:10.847497" elapsed="0.000510"/>
</kw>
<status status="PASS" start="2025-02-12T18:40:10.846325" elapsed="0.002677"/>
</kw>
<status status="PASS" start="2025-02-12T18:40:10.846325" elapsed="0.002677"/>
</kw>
<kw name="Quando envio a requisição POST para o endpoint &quot;/api/login&quot; com body jsonSchemas/login/post/request.json" owner="LoginBDD" source_name="Quando envio a requisição ${METODO} para o endpoint &quot;${ENDPOINT}&quot; com body ${JSON_FILE}">
<kw name="Envia requisição" owner="LoginSteps">
<if>
<branch type="IF" condition="'${METODO}' == 'GET'">
<kw name="GET On Session" owner="RequestsLibrary">
<var>${response}</var>
<arg>my_session</arg>
<arg>${ENDPOINT}</arg>
<doc>Sends a GET request on a previously created HTTP Session.</doc>
<status status="NOT RUN" start="2025-02-12T18:40:10.850997" elapsed="0.000000"/>
</kw>
<status status="NOT RUN" start="2025-02-12T18:40:10.850997" elapsed="0.000000"/>
</branch>
<branch type="ELSE IF" condition="'${METODO}' == 'POST'">
<if>
<branch type="IF" condition="'${ENDPOINT}' == '/api/login'">
<kw name="Load Json From File" owner="JSONLibrary">
<msg time="2025-02-12T18:40:10.852992" level="INFO">${body} = {'username': 'admin', 'password': '12345'}</msg>
<var>${body}</var>
<arg>${JSON_FILE}</arg>
<doc>Load JSON from file.</doc>
<status status="PASS" start="2025-02-12T18:40:10.851995" elapsed="0.000997"/>
</kw>
<kw name="POST On Session" owner="RequestsLibrary">
<msg time="2025-02-12T18:40:11.889483" level="INFO">POST Request : url=https://my-public-api-for-tests-production.up.railway.app/api/login 
 path_url=/api/login 
 headers={'User-Agent': 'python-requests/2.32.3', 'Accept-Encoding': 'gzip, deflate, br', 'Accept': '*/*', 'Connection': 'keep-alive', 'Content-Length': '42', 'Content-Type': 'application/json'} 
 body=b'{"username": "admin", "password": "12345"}' 
 </msg>
<msg time="2025-02-12T18:40:11.889483" level="INFO">POST Response : url=https://my-public-api-for-tests-production.up.railway.app/api/login 
 status=200, reason=OK 
 headers={'Content-Length': '187', 'Content-Type': 'application/json; charset=utf-8', 'Date': 'Wed, 12 Feb 2025 21:40:10 GMT', 'Etag': 'W/"bb-ikbRxRYDICqSuV6SVS1mu+mswh0"', 'Server': 'railway-edge', 'X-Powered-By': 'Express', 'X-Railway-Request-Id': 'AiMKnIBwS5iF5k-VM1_RTg_882434190'} 
 body={"token":"eyJhbGciOiJIUzI1NiIsInR5cCI6IkpXVCJ9.eyJpZCI6MiwidXNlcm5hbWUiOiJhZG1pbiIsInJvbGUiOjEsImlhdCI6MTczOTM5NjQxMCwiZXhwIjoxNzM5NDAwMDEwfQ.YbOrP5Dsm5DedpTsDS21-lt2A3MEODHwsMQGSHRXaUk"} 
 </msg>
<msg time="2025-02-12T18:40:11.889483" level="INFO">C:\Users\Pichau\AppData\Roaming\Python\Python311\site-packages\urllib3\connectionpool.py:1103: InsecureRequestWarning: Unverified HTTPS request is being made to host 'my-public-api-for-tests-production.up.railway.app'. Adding certificate verification is strongly advised. See: https://urllib3.readthedocs.io/en/latest/advanced-usage.html#tls-warnings
  warnings.warn(</msg>
<msg time="2025-02-12T18:40:11.890480" level="INFO">${response} = &lt;Response [200]&gt;</msg>
<var>${response}</var>
<arg>my_session</arg>
<arg>${ENDPOINT}</arg>
<arg>json=${body}</arg>
<arg>expected_status=any</arg>
<doc>Sends a POST request on a previously created HTTP Session.</doc>
<status status="PASS" start="2025-02-12T18:40:10.853989" elapsed="1.036491"/>
</kw>
<status status="PASS" start="2025-02-12T18:40:10.850997" elapsed="1.041478"/>
</branch>
<status status="PASS" start="2025-02-12T18:40:10.850997" elapsed="1.041478"/>
</if>
<status status="PASS" start="2025-02-12T18:40:10.850997" elapsed="1.041478"/>
</branch>
<status status="PASS" start="2025-02-12T18:40:10.850997" elapsed="1.041478"/>
</if>
<kw name="Log" owner="BuiltIn">
<msg time="2025-02-12T18:40:11.893472" level="INFO">Resposta: {"token":"eyJhbGciOiJIUzI1NiIsInR5cCI6IkpXVCJ9.eyJpZCI6MiwidXNlcm5hbWUiOiJhZG1pbiIsInJvbGUiOjEsImlhdCI6MTczOTM5NjQxMCwiZXhwIjoxNzM5NDAwMDEwfQ.YbOrP5Dsm5DedpTsDS21-lt2A3MEODHwsMQGSHRXaUk"}</msg>
<arg>Resposta: ${response.text}</arg>
<doc>Logs the given message with the given level.</doc>
<status status="PASS" start="2025-02-12T18:40:11.892475" elapsed="0.000997"/>
</kw>
<kw name="Set Test Variable" owner="BuiltIn">
<msg time="2025-02-12T18:40:11.895531" level="INFO">${response} = &lt;Response [200]&gt;</msg>
<arg>${response}</arg>
<doc>Makes a variable available everywhere within the scope of the current test.</doc>
<status status="PASS" start="2025-02-12T18:40:11.895531" elapsed="0.000999"/>
</kw>
<arg>${METODO}</arg>
<arg>${ENDPOINT}</arg>
<arg>${JSON_FILE}</arg>
<status status="PASS" start="2025-02-12T18:40:10.850000" elapsed="1.046914"/>
</kw>
<status status="PASS" start="2025-02-12T18:40:10.850000" elapsed="1.046914"/>
</kw>
<kw name="Então o código de resposta deve ser 200" owner="LoginBDD" source_name="Então o código de resposta deve ser ${STATUS_CODE_ESPERADO}">
<kw name="Confere o status code" owner="LoginSteps">
<kw name="Should Be Equal As Strings" owner="BuiltIn">
<msg time="2025-02-12T18:40:11.898939" level="INFO">Argument types are:
&lt;class 'int'&gt;
&lt;class 'str'&gt;</msg>
<arg>${response.status_code}</arg>
<arg>${STATUS_CODE_ESPERADO}</arg>
<doc>Fails if objects are unequal after converting them to strings.</doc>
<status status="PASS" start="2025-02-12T18:40:11.897914" elapsed="0.001025"/>
</kw>
<kw name="Log" owner="BuiltIn">
<msg time="2025-02-12T18:40:11.899908" level="INFO">Status Code Retornado: 200 -- Status Code Esperado: 200</msg>
<arg>Status Code Retornado: ${response.status_code} -- Status Code Esperado: ${STATUS_CODE_ESPERADO}</arg>
<doc>Logs the given message with the given level.</doc>
<status status="PASS" start="2025-02-12T18:40:11.899908" elapsed="0.000000"/>
</kw>
<arg>${STATUS_CODE_ESPERADO}</arg>
<status status="PASS" start="2025-02-12T18:40:11.897914" elapsed="0.002991"/>
</kw>
<status status="PASS" start="2025-02-12T18:40:11.897914" elapsed="0.002991"/>
</kw>
<kw name="E a estrutura de resposta deve estar de acordo com o arquivo jsonSchemas/login/post/response.json" owner="LoginBDD" source_name="E a estrutura de resposta deve estar de acordo com o arquivo ${SCHEMA_PATH}">
<kw name="Confere o contrato" owner="LoginSteps">
<kw name="Validate Jsonschema From File" owner="JsonValidator">
<arg>${response.json()}</arg>
<arg>${SCHEMA_PATH}</arg>
<doc>Validate JSON according to schema, loaded from a file.</doc>
<status status="PASS" start="2025-02-12T18:40:11.901903" elapsed="0.002991"/>
</kw>
<kw name="Log" owner="BuiltIn">
<msg time="2025-02-12T18:40:11.904894" level="INFO">Schema Retornado: {'token': 'eyJhbGciOiJIUzI1NiIsInR5cCI6IkpXVCJ9.eyJpZCI6MiwidXNlcm5hbWUiOiJhZG1pbiIsInJvbGUiOjEsImlhdCI6MTczOTM5NjQxMCwiZXhwIjoxNzM5NDAwMDEwfQ.YbOrP5Dsm5DedpTsDS21-lt2A3MEODHwsMQGSHRXaUk'}</msg>
<arg>Schema Retornado: ${response.json()}</arg>
<doc>Logs the given message with the given level.</doc>
<status status="PASS" start="2025-02-12T18:40:11.904894" elapsed="0.000000"/>
</kw>
<arg>${SCHEMA_PATH}</arg>
<status status="PASS" start="2025-02-12T18:40:11.901903" elapsed="0.004987"/>
</kw>
<status status="PASS" start="2025-02-12T18:40:11.901903" elapsed="0.005985"/>
</kw>
<tag>Regressão</tag>
<status status="PASS" start="2025-02-12T18:40:10.845328" elapsed="1.062560"/>
</test>
<test id="s1-t2" name="Cenário 02: Tentar fazer login com senha errada" line="12">
<kw name="Dado que a URL está disponível está disponível" owner="LoginBDD">
<kw name="Carrega URL" owner="LoginSteps">
<kw name="Create Session" owner="RequestsLibrary">
<msg time="2025-02-12T18:40:11.911877" level="INFO">Creating Session using : alias=my_session, url=https://my-public-api-for-tests-production.up.railway.app, headers={},                     cookies={}, auth=None, timeout=None, proxies=None, verify=False,                     debug=0 </msg>
<arg>my_session</arg>
<arg>${BASE_URL}</arg>
<doc>Create Session: create a HTTP session to a server</doc>
<status status="PASS" start="2025-02-12T18:40:11.910880" elapsed="0.000997"/>
</kw>
<status status="PASS" start="2025-02-12T18:40:11.910880" elapsed="0.001993"/>
</kw>
<status status="PASS" start="2025-02-12T18:40:11.910880" elapsed="0.001993"/>
</kw>
<kw name="Quando envio a requisição POST para o endpoint &quot;/api/login&quot; com body jsonSchemas/login/post/request-senha-errada.json" owner="LoginBDD" source_name="Quando envio a requisição ${METODO} para o endpoint &quot;${ENDPOINT}&quot; com body ${JSON_FILE}">
<kw name="Envia requisição" owner="LoginSteps">
<if>
<branch type="IF" condition="'${METODO}' == 'GET'">
<kw name="GET On Session" owner="RequestsLibrary">
<var>${response}</var>
<arg>my_session</arg>
<arg>${ENDPOINT}</arg>
<doc>Sends a GET request on a previously created HTTP Session.</doc>
<status status="NOT RUN" start="2025-02-12T18:40:11.914868" elapsed="0.000000"/>
</kw>
<status status="NOT RUN" start="2025-02-12T18:40:11.913872" elapsed="0.000996"/>
</branch>
<branch type="ELSE IF" condition="'${METODO}' == 'POST'">
<if>
<branch type="IF" condition="'${ENDPOINT}' == '/api/login'">
<kw name="Load Json From File" owner="JSONLibrary">
<msg time="2025-02-12T18:40:11.915865" level="INFO">${body} = {'username': 'admin', 'password': '123456'}</msg>
<var>${body}</var>
<arg>${JSON_FILE}</arg>
<doc>Load JSON from file.</doc>
<status status="PASS" start="2025-02-12T18:40:11.914868" elapsed="0.000997"/>
</kw>
<kw name="POST On Session" owner="RequestsLibrary">
<msg time="2025-02-12T18:40:12.659312" level="INFO">POST Request : url=https://my-public-api-for-tests-production.up.railway.app/api/login 
 path_url=/api/login 
 headers={'User-Agent': 'python-requests/2.32.3', 'Accept-Encoding': 'gzip, deflate, br', 'Accept': '*/*', 'Connection': 'keep-alive', 'Content-Length': '43', 'Content-Type': 'application/json'} 
 body=b'{"username": "admin", "password": "123456"}' 
 </msg>
<msg time="2025-02-12T18:40:12.659312" level="INFO">POST Response : url=https://my-public-api-for-tests-production.up.railway.app/api/login 
 status=401, reason=Unauthorized 
 headers={'Content-Length': '37', 'Content-Type': 'application/json; charset=utf-8', 'Date': 'Wed, 12 Feb 2025 21:40:11 GMT', 'Etag': 'W/"25-RkwPKr0iX0BqsLpo2HoNT6Xi/ws"', 'Server': 'railway-edge', 'X-Powered-By': 'Express', 'X-Railway-Request-Id': 'N7r56VEIR6qn_X66wV5wzQ_2074704348'} 
 body={"message":"Credenciais incorretas."} 
 </msg>
<msg time="2025-02-12T18:40:12.660309" level="INFO">C:\Users\Pichau\AppData\Roaming\Python\Python311\site-packages\urllib3\connectionpool.py:1103: InsecureRequestWarning: Unverified HTTPS request is being made to host 'my-public-api-for-tests-production.up.railway.app'. Adding certificate verification is strongly advised. See: https://urllib3.readthedocs.io/en/latest/advanced-usage.html#tls-warnings
  warnings.warn(</msg>
<msg time="2025-02-12T18:40:12.660309" level="INFO">${response} = &lt;Response [401]&gt;</msg>
<var>${response}</var>
<arg>my_session</arg>
<arg>${ENDPOINT}</arg>
<arg>json=${body}</arg>
<arg>expected_status=any</arg>
<doc>Sends a POST request on a previously created HTTP Session.</doc>
<status status="PASS" start="2025-02-12T18:40:11.917860" elapsed="0.742449"/>
</kw>
<status status="PASS" start="2025-02-12T18:40:11.914868" elapsed="0.747436"/>
</branch>
<status status="PASS" start="2025-02-12T18:40:11.914868" elapsed="0.747436"/>
</if>
<status status="PASS" start="2025-02-12T18:40:11.914868" elapsed="0.747436"/>
</branch>
<status status="PASS" start="2025-02-12T18:40:11.913872" elapsed="0.748432"/>
</if>
<kw name="Log" owner="BuiltIn">
<msg time="2025-02-12T18:40:12.663325" level="INFO">Resposta: {"message":"Credenciais incorretas."}</msg>
<arg>Resposta: ${response.text}</arg>
<doc>Logs the given message with the given level.</doc>
<status status="PASS" start="2025-02-12T18:40:12.662304" elapsed="0.001021"/>
</kw>
<kw name="Set Test Variable" owner="BuiltIn">
<msg time="2025-02-12T18:40:12.665481" level="INFO">${response} = &lt;Response [401]&gt;</msg>
<arg>${response}</arg>
<doc>Makes a variable available everywhere within the scope of the current test.</doc>
<status status="PASS" start="2025-02-12T18:40:12.665481" elapsed="0.001000"/>
</kw>
<arg>${METODO}</arg>
<arg>${ENDPOINT}</arg>
<arg>${JSON_FILE}</arg>
<status status="PASS" start="2025-02-12T18:40:11.913872" elapsed="0.753129"/>
</kw>
<status status="PASS" start="2025-02-12T18:40:11.913872" elapsed="0.753129"/>
</kw>
<kw name="Então o código de resposta deve ser 401" owner="LoginBDD" source_name="Então o código de resposta deve ser ${STATUS_CODE_ESPERADO}">
<kw name="Confere o status code" owner="LoginSteps">
<kw name="Should Be Equal As Strings" owner="BuiltIn">
<msg time="2025-02-12T18:40:12.669022" level="INFO">Argument types are:
&lt;class 'int'&gt;
&lt;class 'str'&gt;</msg>
<arg>${response.status_code}</arg>
<arg>${STATUS_CODE_ESPERADO}</arg>
<doc>Fails if objects are unequal after converting them to strings.</doc>
<status status="PASS" start="2025-02-12T18:40:12.668000" elapsed="0.001022"/>
</kw>
<kw name="Log" owner="BuiltIn">
<msg time="2025-02-12T18:40:12.670604" level="INFO">Status Code Retornado: 401 -- Status Code Esperado: 401</msg>
<arg>Status Code Retornado: ${response.status_code} -- Status Code Esperado: ${STATUS_CODE_ESPERADO}</arg>
<doc>Logs the given message with the given level.</doc>
<status status="PASS" start="2025-02-12T18:40:12.669605" elapsed="0.000999"/>
</kw>
<arg>${STATUS_CODE_ESPERADO}</arg>
<status status="PASS" start="2025-02-12T18:40:12.668000" elapsed="0.003273"/>
</kw>
<status status="PASS" start="2025-02-12T18:40:12.668000" elapsed="0.003273"/>
</kw>
<kw name="E a estrutura de resposta deve estar de acordo com o arquivo jsonSchemas/login/post/response-senha-errada.json" owner="LoginBDD" source_name="E a estrutura de resposta deve estar de acordo com o arquivo ${SCHEMA_PATH}">
<kw name="Confere o contrato" owner="LoginSteps">
<kw name="Validate Jsonschema From File" owner="JsonValidator">
<arg>${response.json()}</arg>
<arg>${SCHEMA_PATH}</arg>
<doc>Validate JSON according to schema, loaded from a file.</doc>
<status status="PASS" start="2025-02-12T18:40:12.672274" elapsed="0.002991"/>
</kw>
<kw name="Log" owner="BuiltIn">
<msg time="2025-02-12T18:40:12.675265" level="INFO">Schema Retornado: {'message': 'Credenciais incorretas.'}</msg>
<arg>Schema Retornado: ${response.json()}</arg>
<doc>Logs the given message with the given level.</doc>
<status status="PASS" start="2025-02-12T18:40:12.675265" elapsed="0.000997"/>
</kw>
<arg>${SCHEMA_PATH}</arg>
<status status="PASS" start="2025-02-12T18:40:12.672274" elapsed="0.005983"/>
</kw>
<status status="PASS" start="2025-02-12T18:40:12.672274" elapsed="0.005983"/>
</kw>
<tag>Regressão</tag>
<status status="PASS" start="2025-02-12T18:40:11.909881" elapsed="0.768376"/>
</test>
<status status="PASS" start="2025-02-12T18:40:09.942526" elapsed="2.738723"/>
</suite>
<statistics>
<total>
<stat pass="2" fail="0" skip="0">All Tests</stat>
</total>
<tag>
<stat pass="2" fail="0" skip="0">Regressão</stat>
</tag>
<suite>
<stat name="LoginScenarios" id="s1" pass="2" fail="0" skip="0">LoginScenarios</stat>
</suite>
</statistics>
<errors>
</errors>
</robot>
